<?xml version="1.0" encoding="UTF-8"?>
<coverage generated="1594706722334" clover="3.2.0">
  <project timestamp="1594706722334" name="All files">
    <metrics statements="137" coveredstatements="106" conditionals="59" coveredconditionals="30" methods="32" coveredmethods="24" elements="228" coveredelements="160" complexity="0" loc="137" ncloc="137" packages="1" files="5" classes="5">
      <file name="index.js" path="/Users/yuetao/Projects/poloscope/src/index.js">
        <metrics statements="77" coveredstatements="61" conditionals="41" coveredconditionals="20" methods="12" coveredmethods="9"/>
        <line num="8" count="1" type="stmt"/>
        <line num="10" count="1" type="stmt"/>
        <line num="12" count="1" type="stmt"/>
        <line num="13" count="0" type="stmt"/>
        <line num="14" count="0" type="stmt"/>
        <line num="16" count="0" type="cond" truecount="0" falsecount="4"/>
        <line num="17" count="0" type="stmt"/>
        <line num="18" count="0" type="stmt"/>
        <line num="19" count="0" type="stmt"/>
        <line num="21" count="0" type="stmt"/>
        <line num="25" count="0" type="cond" truecount="0" falsecount="2"/>
        <line num="53" count="3" type="stmt"/>
        <line num="61" count="3" type="stmt"/>
        <line num="74" count="3" type="stmt"/>
        <line num="82" count="3" type="stmt"/>
        <line num="87" count="3" type="stmt"/>
        <line num="88" count="3" type="stmt"/>
        <line num="91" count="3" type="stmt"/>
        <line num="93" count="3" type="stmt"/>
        <line num="94" count="0" type="stmt"/>
        <line num="95" count="0" type="stmt"/>
        <line num="98" count="3" type="stmt"/>
        <line num="99" count="3" type="stmt"/>
        <line num="100" count="3" type="stmt"/>
        <line num="128" count="3" type="stmt"/>
        <line num="130" count="40" type="cond" truecount="1" falsecount="1"/>
        <line num="133" count="0" type="stmt"/>
        <line num="134" count="0" type="stmt"/>
        <line num="142" count="40" type="stmt"/>
        <line num="143" count="40" type="stmt"/>
        <line num="146" count="40" type="stmt"/>
        <line num="152" count="40" type="cond" truecount="2" falsecount="0"/>
        <line num="153" count="2" type="stmt"/>
        <line num="156" count="40" type="cond" truecount="1" falsecount="1"/>
        <line num="157" count="0" type="stmt"/>
        <line num="158" count="0" type="stmt"/>
        <line num="191" count="3" type="stmt"/>
        <line num="193" count="40" type="stmt"/>
        <line num="195" count="40" type="cond" truecount="2" falsecount="0"/>
        <line num="196" count="2" type="stmt"/>
        <line num="202" count="40" type="stmt"/>
        <line num="203" count="78" type="cond" truecount="2" falsecount="0"/>
        <line num="204" count="78" type="cond" truecount="3" falsecount="0"/>
        <line num="205" count="78" type="stmt"/>
        <line num="209" count="78" type="stmt"/>
        <line num="213" count="3" type="stmt"/>
        <line num="218" count="80" type="cond" truecount="2" falsecount="0"/>
        <line num="219" count="40" type="stmt"/>
        <line num="220" count="40" type="stmt"/>
        <line num="223" count="80" type="stmt"/>
        <line num="226" count="3" type="stmt"/>
        <line num="227" count="2" type="stmt"/>
        <line num="229" count="2" type="stmt"/>
        <line num="230" count="0" type="stmt"/>
        <line num="231" count="0" type="cond" truecount="0" falsecount="4"/>
        <line num="234" count="2" type="cond" truecount="1" falsecount="1"/>
        <line num="238" count="2" type="cond" truecount="1" falsecount="1"/>
        <line num="243" count="2" type="stmt"/>
        <line num="250" count="3" type="stmt"/>
        <line num="252" count="2" type="stmt"/>
        <line num="255" count="2" type="stmt"/>
        <line num="262" count="2" type="cond" truecount="1" falsecount="1"/>
        <line num="267" count="2" type="stmt"/>
        <line num="273" count="3" type="stmt"/>
        <line num="275" count="3" type="cond" truecount="2" falsecount="0"/>
        <line num="276" count="2" type="stmt"/>
        <line num="277" count="2" type="stmt"/>
        <line num="279" count="2" type="stmt"/>
        <line num="280" count="2" type="stmt"/>
        <line num="281" count="40" type="stmt"/>
        <line num="282" count="40" type="stmt"/>
        <line num="283" count="40" type="stmt"/>
        <line num="287" count="2" type="stmt"/>
        <line num="288" count="2" type="stmt"/>
        <line num="290" count="1" type="stmt"/>
        <line num="294" count="3" type="stmt"/>
        <line num="298" count="3" type="stmt"/>
      </file>
      <file name="indicator.js" path="/Users/yuetao/Projects/poloscope/src/indicator.js">
        <metrics statements="4" coveredstatements="4" conditionals="2" coveredconditionals="1" methods="2" coveredmethods="2"/>
        <line num="6" count="3" type="stmt"/>
        <line num="8" count="3" type="stmt"/>
        <line num="22" count="3" type="stmt"/>
        <line num="23" count="3" type="cond" truecount="1" falsecount="1"/>
      </file>
      <file name="measurer.js" path="/Users/yuetao/Projects/poloscope/src/measurer.js">
        <metrics statements="14" coveredstatements="13" conditionals="4" coveredconditionals="3" methods="3" coveredmethods="3"/>
        <line num="5" count="1" type="stmt"/>
        <line num="7" count="80" type="stmt"/>
        <line num="9" count="80" type="stmt"/>
        <line num="11" count="80" type="stmt"/>
        <line num="13" count="80" type="stmt"/>
        <line num="14" count="40" type="cond" truecount="2" falsecount="0"/>
        <line num="16" count="40" type="cond" truecount="1" falsecount="1"/>
        <line num="17" count="40" type="stmt"/>
        <line num="18" count="40" type="stmt"/>
        <line num="20" count="0" type="stmt"/>
        <line num="23" count="40" type="stmt"/>
        <line num="26" count="80" type="stmt"/>
        <line num="27" count="40" type="stmt"/>
        <line num="29" count="80" type="stmt"/>
      </file>
      <file name="useResizeObserver.js" path="/Users/yuetao/Projects/poloscope/src/useResizeObserver.js">
        <metrics statements="12" coveredstatements="11" conditionals="4" coveredconditionals="4" methods="6" coveredmethods="5"/>
        <line num="5" count="80" type="stmt"/>
        <line num="6" count="80" type="stmt"/>
        <line num="8" count="80" type="stmt"/>
        <line num="9" count="80" type="stmt"/>
        <line num="10" count="0" type="stmt"/>
        <line num="14" count="80" type="cond" truecount="2" falsecount="0"/>
        <line num="17" count="80" type="stmt"/>
        <line num="18" count="80" type="cond" truecount="2" falsecount="0"/>
        <line num="21" count="80" type="stmt"/>
        <line num="22" count="80" type="stmt"/>
        <line num="23" count="80" type="stmt"/>
        <line num="26" count="80" type="stmt"/>
      </file>
      <file name="useScroll.js" path="/Users/yuetao/Projects/poloscope/src/useScroll.js">
        <metrics statements="30" coveredstatements="17" conditionals="8" coveredconditionals="2" methods="9" coveredmethods="5"/>
        <line num="4" count="1" type="cond" truecount="1" falsecount="1"/>
        <line num="6" count="1" type="cond" truecount="1" falsecount="1"/>
        <line num="7" count="0" type="stmt"/>
        <line num="8" count="3" type="stmt"/>
        <line num="10" count="1" type="stmt"/>
        <line num="14" count="3" type="stmt"/>
        <line num="15" count="3" type="stmt"/>
        <line num="16" count="3" type="stmt"/>
        <line num="18" count="3" type="stmt"/>
        <line num="21" count="3" type="stmt"/>
        <line num="24" count="0" type="cond" truecount="0" falsecount="2"/>
        <line num="25" count="0" type="stmt"/>
        <line num="26" count="0" type="stmt"/>
        <line num="28" count="0" type="stmt"/>
        <line num="32" count="3" type="stmt"/>
        <line num="35" count="3" type="stmt"/>
        <line num="36" count="0" type="stmt"/>
        <line num="37" count="0" type="stmt"/>
        <line num="39" count="0" type="stmt"/>
        <line num="40" count="0" type="cond" truecount="0" falsecount="2"/>
        <line num="41" count="0" type="stmt"/>
        <line num="42" count="0" type="stmt"/>
        <line num="43" count="0" type="stmt"/>
        <line num="47" count="3" type="stmt"/>
        <line num="48" count="3" type="stmt"/>
        <line num="49" count="0" type="stmt"/>
        <line num="51" count="3" type="stmt"/>
        <line num="52" count="3" type="stmt"/>
        <line num="53" count="3" type="stmt"/>
        <line num="57" count="3" type="stmt"/>
      </file>
    </metrics>
  </project>
</coverage>
