<?xml version="1.0" encoding="UTF-8"?>
<coverage generated="1594708550899" clover="3.2.0">
  <project timestamp="1594708550899" name="All files">
    <metrics statements="134" coveredstatements="105" conditionals="59" coveredconditionals="30" methods="32" coveredmethods="24" elements="225" coveredelements="159" complexity="0" loc="134" ncloc="134" packages="1" files="5" classes="5">
      <file name="index.js" path="/Users/yuetao/Projects/poloscope/src/index.js">
        <metrics statements="74" coveredstatements="60" conditionals="41" coveredconditionals="20" methods="12" coveredmethods="9"/>
        <line num="8" count="1" type="stmt"/>
        <line num="10" count="1" type="stmt"/>
        <line num="12" count="1" type="stmt"/>
        <line num="13" count="0" type="stmt"/>
        <line num="14" count="0" type="stmt"/>
        <line num="16" count="0" type="cond" truecount="0" falsecount="4"/>
        <line num="17" count="0" type="stmt"/>
        <line num="18" count="0" type="stmt"/>
        <line num="19" count="0" type="stmt"/>
        <line num="21" count="0" type="stmt"/>
        <line num="25" count="0" type="cond" truecount="0" falsecount="2"/>
        <line num="53" count="3" type="stmt"/>
        <line num="61" count="3" type="stmt"/>
        <line num="74" count="3" type="stmt"/>
        <line num="82" count="3" type="stmt"/>
        <line num="87" count="3" type="stmt"/>
        <line num="88" count="3" type="stmt"/>
        <line num="91" count="3" type="stmt"/>
        <line num="93" count="3" type="stmt"/>
        <line num="94" count="0" type="stmt"/>
        <line num="97" count="3" type="stmt"/>
        <line num="98" count="3" type="stmt"/>
        <line num="99" count="3" type="stmt"/>
        <line num="127" count="3" type="stmt"/>
        <line num="129" count="40" type="cond" truecount="1" falsecount="1"/>
        <line num="132" count="0" type="stmt"/>
        <line num="133" count="0" type="stmt"/>
        <line num="141" count="40" type="stmt"/>
        <line num="142" count="40" type="stmt"/>
        <line num="145" count="40" type="stmt"/>
        <line num="151" count="40" type="cond" truecount="2" falsecount="0"/>
        <line num="152" count="2" type="stmt"/>
        <line num="155" count="40" type="cond" truecount="1" falsecount="1"/>
        <line num="156" count="0" type="stmt"/>
        <line num="189" count="3" type="stmt"/>
        <line num="191" count="40" type="stmt"/>
        <line num="193" count="40" type="cond" truecount="2" falsecount="0"/>
        <line num="194" count="2" type="stmt"/>
        <line num="200" count="40" type="stmt"/>
        <line num="201" count="78" type="cond" truecount="2" falsecount="0"/>
        <line num="202" count="78" type="cond" truecount="3" falsecount="0"/>
        <line num="203" count="78" type="stmt"/>
        <line num="207" count="78" type="stmt"/>
        <line num="211" count="3" type="stmt"/>
        <line num="216" count="80" type="cond" truecount="2" falsecount="0"/>
        <line num="217" count="40" type="stmt"/>
        <line num="218" count="40" type="stmt"/>
        <line num="221" count="80" type="stmt"/>
        <line num="224" count="3" type="stmt"/>
        <line num="225" count="2" type="stmt"/>
        <line num="227" count="2" type="stmt"/>
        <line num="228" count="0" type="stmt"/>
        <line num="229" count="0" type="cond" truecount="0" falsecount="4"/>
        <line num="232" count="2" type="cond" truecount="1" falsecount="1"/>
        <line num="236" count="2" type="cond" truecount="1" falsecount="1"/>
        <line num="241" count="2" type="stmt"/>
        <line num="248" count="3" type="stmt"/>
        <line num="250" count="2" type="stmt"/>
        <line num="253" count="2" type="stmt"/>
        <line num="260" count="2" type="cond" truecount="1" falsecount="1"/>
        <line num="265" count="2" type="stmt"/>
        <line num="271" count="3" type="stmt"/>
        <line num="273" count="3" type="cond" truecount="2" falsecount="0"/>
        <line num="274" count="2" type="stmt"/>
        <line num="275" count="2" type="stmt"/>
        <line num="277" count="2" type="stmt"/>
        <line num="278" count="2" type="stmt"/>
        <line num="279" count="40" type="stmt"/>
        <line num="280" count="40" type="stmt"/>
        <line num="281" count="40" type="stmt"/>
        <line num="286" count="2" type="stmt"/>
        <line num="288" count="1" type="stmt"/>
        <line num="292" count="3" type="stmt"/>
        <line num="296" count="3" type="stmt"/>
      </file>
      <file name="indicator.js" path="/Users/yuetao/Projects/poloscope/src/indicator.js">
        <metrics statements="4" coveredstatements="4" conditionals="2" coveredconditionals="1" methods="2" coveredmethods="2"/>
        <line num="6" count="3" type="stmt"/>
        <line num="8" count="3" type="stmt"/>
        <line num="22" count="3" type="stmt"/>
        <line num="23" count="3" type="cond" truecount="1" falsecount="1"/>
      </file>
      <file name="measurer.js" path="/Users/yuetao/Projects/poloscope/src/measurer.js">
        <metrics statements="14" coveredstatements="13" conditionals="4" coveredconditionals="3" methods="3" coveredmethods="3"/>
        <line num="5" count="1" type="stmt"/>
        <line num="7" count="80" type="stmt"/>
        <line num="9" count="80" type="stmt"/>
        <line num="11" count="80" type="stmt"/>
        <line num="13" count="80" type="stmt"/>
        <line num="14" count="40" type="cond" truecount="2" falsecount="0"/>
        <line num="16" count="40" type="cond" truecount="1" falsecount="1"/>
        <line num="17" count="40" type="stmt"/>
        <line num="18" count="40" type="stmt"/>
        <line num="20" count="0" type="stmt"/>
        <line num="23" count="40" type="stmt"/>
        <line num="26" count="80" type="stmt"/>
        <line num="27" count="40" type="stmt"/>
        <line num="29" count="80" type="stmt"/>
      </file>
      <file name="useResizeObserver.js" path="/Users/yuetao/Projects/poloscope/src/useResizeObserver.js">
        <metrics statements="12" coveredstatements="11" conditionals="4" coveredconditionals="4" methods="6" coveredmethods="5"/>
        <line num="5" count="80" type="stmt"/>
        <line num="6" count="80" type="stmt"/>
        <line num="8" count="80" type="stmt"/>
        <line num="9" count="80" type="stmt"/>
        <line num="10" count="0" type="stmt"/>
        <line num="14" count="80" type="cond" truecount="2" falsecount="0"/>
        <line num="17" count="80" type="stmt"/>
        <line num="18" count="80" type="cond" truecount="2" falsecount="0"/>
        <line num="21" count="80" type="stmt"/>
        <line num="22" count="80" type="stmt"/>
        <line num="23" count="80" type="stmt"/>
        <line num="26" count="80" type="stmt"/>
      </file>
      <file name="useScroll.js" path="/Users/yuetao/Projects/poloscope/src/useScroll.js">
        <metrics statements="30" coveredstatements="17" conditionals="8" coveredconditionals="2" methods="9" coveredmethods="5"/>
        <line num="4" count="1" type="cond" truecount="1" falsecount="1"/>
        <line num="6" count="1" type="cond" truecount="1" falsecount="1"/>
        <line num="7" count="0" type="stmt"/>
        <line num="8" count="3" type="stmt"/>
        <line num="10" count="1" type="stmt"/>
        <line num="14" count="3" type="stmt"/>
        <line num="15" count="3" type="stmt"/>
        <line num="16" count="3" type="stmt"/>
        <line num="18" count="3" type="stmt"/>
        <line num="21" count="3" type="stmt"/>
        <line num="24" count="0" type="cond" truecount="0" falsecount="2"/>
        <line num="25" count="0" type="stmt"/>
        <line num="26" count="0" type="stmt"/>
        <line num="28" count="0" type="stmt"/>
        <line num="32" count="3" type="stmt"/>
        <line num="35" count="3" type="stmt"/>
        <line num="36" count="0" type="stmt"/>
        <line num="37" count="0" type="stmt"/>
        <line num="39" count="0" type="stmt"/>
        <line num="40" count="0" type="cond" truecount="0" falsecount="2"/>
        <line num="41" count="0" type="stmt"/>
        <line num="42" count="0" type="stmt"/>
        <line num="43" count="0" type="stmt"/>
        <line num="47" count="3" type="stmt"/>
        <line num="48" count="3" type="stmt"/>
        <line num="49" count="0" type="stmt"/>
        <line num="51" count="3" type="stmt"/>
        <line num="52" count="3" type="stmt"/>
        <line num="53" count="3" type="stmt"/>
        <line num="57" count="3" type="stmt"/>
      </file>
    </metrics>
  </project>
</coverage>
