{"total": {"lines":{"total":133,"covered":104,"skipped":0,"pct":78.2},"statements":{"total":136,"covered":105,"skipped":0,"pct":77.21},"functions":{"total":32,"covered":24,"skipped":0,"pct":75},"branches":{"total":60,"covered":31,"skipped":0,"pct":51.67}}
,"/Users/yuetao/Projects/poloscope/src/index.js": {"lines":{"total":73,"covered":59,"skipped":0,"pct":80.82},"functions":{"total":12,"covered":9,"skipped":0,"pct":75},"statements":{"total":75,"covered":59,"skipped":0,"pct":78.67},"branches":{"total":42,"covered":21,"skipped":0,"pct":50}}
,"/Users/yuetao/Projects/poloscope/src/indicator.js": {"lines":{"total":4,"covered":4,"skipped":0,"pct":100},"functions":{"total":2,"covered":2,"skipped":0,"pct":100},"statements":{"total":4,"covered":4,"skipped":0,"pct":100},"branches":{"total":2,"covered":1,"skipped":0,"pct":50}}
,"/Users/yuetao/Projects/poloscope/src/measurer.js": {"lines":{"total":14,"covered":13,"skipped":0,"pct":92.86},"functions":{"total":3,"covered":3,"skipped":0,"pct":100},"statements":{"total":14,"covered":13,"skipped":0,"pct":92.86},"branches":{"total":4,"covered":3,"skipped":0,"pct":75}}
,"/Users/yuetao/Projects/poloscope/src/useResizeObserver.js": {"lines":{"total":12,"covered":11,"skipped":0,"pct":91.67},"functions":{"total":6,"covered":5,"skipped":0,"pct":83.33},"statements":{"total":13,"covered":12,"skipped":0,"pct":92.31},"branches":{"total":4,"covered":4,"skipped":0,"pct":100}}
,"/Users/yuetao/Projects/poloscope/src/useScroll.js": {"lines":{"total":30,"covered":17,"skipped":0,"pct":56.67},"functions":{"total":9,"covered":5,"skipped":0,"pct":55.56},"statements":{"total":30,"covered":17,"skipped":0,"pct":56.67},"branches":{"total":8,"covered":2,"skipped":0,"pct":25}}
}
