{"/Users/yuetao/Projects/poloscope/src/index.js": {"path":"/Users/yuetao/Projects/poloscope/src/index.js","statementMap":{"0":{"start":{"line":8,"column":28},"end":{"line":8,"column":30}},"1":{"start":{"line":10,"column":29},"end":{"line":10,"column":31}},"2":{"start":{"line":12,"column":20},"end":{"line":26,"column":1}},"3":{"start":{"line":13,"column":2},"end":{"line":23,"column":3}},"4":{"start":{"line":14,"column":16},"end":{"line":14,"column":49}},"5":{"start":{"line":16,"column":4},"end":{"line":22,"column":5}},"6":{"start":{"line":17,"column":18},"end":{"line":17,"column":29}},"7":{"start":{"line":18,"column":18},"end":{"line":18,"column":32}},"8":{"start":{"line":18,"column":33},"end":{"line":18,"column":39}},"9":{"start":{"line":19,"column":18},"end":{"line":19,"column":32}},"10":{"start":{"line":19,"column":33},"end":{"line":19,"column":39}},"11":{"start":{"line":21,"column":8},"end":{"line":21,"column":37}},"12":{"start":{"line":25,"column":2},"end":{"line":25,"column":33}},"13":{"start":{"line":53,"column":20},"end":{"line":53,"column":35}},"14":{"start":{"line":61,"column":6},"end":{"line":61,"column":17}},"15":{"start":{"line":74,"column":18},"end":{"line":80,"column":4}},"16":{"start":{"line":82,"column":28},"end":{"line":89,"column":3}},"17":{"start":{"line":87,"column":8},"end":{"line":87,"column":23}},"18":{"start":{"line":88,"column":4},"end":{"line":88,"column":90}},"19":{"start":{"line":91,"column":44},"end":{"line":91,"column":73}},"20":{"start":{"line":93,"column":30},"end":{"line":95,"column":3}},"21":{"start":{"line":94,"column":4},"end":{"line":94,"column":42}},"22":{"start":{"line":97,"column":31},"end":{"line":100,"column":3}},"23":{"start":{"line":98,"column":19},"end":{"line":98,"column":20}},"24":{"start":{"line":99,"column":4},"end":{"line":99,"column":134}},"25":{"start":{"line":127,"column":24},"end":{"line":158,"column":3}},"26":{"start":{"line":129,"column":4},"end":{"line":143,"column":5}},"27":{"start":{"line":132,"column":25},"end":{"line":132,"column":61}},"28":{"start":{"line":133,"column":6},"end":{"line":133,"column":61}},"29":{"start":{"line":141,"column":6},"end":{"line":141,"column":45}},"30":{"start":{"line":142,"column":6},"end":{"line":142,"column":48}},"31":{"start":{"line":145,"column":4},"end":{"line":145,"column":54}},"32":{"start":{"line":151,"column":4},"end":{"line":153,"column":5}},"33":{"start":{"line":152,"column":6},"end":{"line":152,"column":44}},"34":{"start":{"line":155,"column":4},"end":{"line":157,"column":5}},"35":{"start":{"line":156,"column":6},"end":{"line":156,"column":28}},"36":{"start":{"line":189,"column":28},"end":{"line":209,"column":3}},"37":{"start":{"line":191,"column":46},"end":{"line":191,"column":61}},"38":{"start":{"line":193,"column":4},"end":{"line":198,"column":5}},"39":{"start":{"line":194,"column":6},"end":{"line":197,"column":48}},"40":{"start":{"line":200,"column":4},"end":{"line":208,"column":5}},"41":{"start":{"line":201,"column":18},"end":{"line":201,"column":57}},"42":{"start":{"line":202,"column":21},"end":{"line":202,"column":73}},"43":{"start":{"line":203,"column":22},"end":{"line":203,"column":34}},"44":{"start":{"line":207,"column":6},"end":{"line":207,"column":58}},"45":{"start":{"line":211,"column":23},"end":{"line":222,"column":3}},"46":{"start":{"line":216,"column":4},"end":{"line":219,"column":5}},"47":{"start":{"line":217,"column":6},"end":{"line":217,"column":49}},"48":{"start":{"line":218,"column":6},"end":{"line":218,"column":44}},"49":{"start":{"line":221,"column":4},"end":{"line":221,"column":41}},"50":{"start":{"line":224,"column":24},"end":{"line":245,"column":3}},"51":{"start":{"line":225,"column":42},"end":{"line":225,"column":57}},"52":{"start":{"line":227,"column":17},"end":{"line":230,"column":5}},"53":{"start":{"line":228,"column":25},"end":{"line":228,"column":44}},"54":{"start":{"line":229,"column":6},"end":{"line":229,"column":76}},"55":{"start":{"line":232,"column":18},"end":{"line":234,"column":26}},"56":{"start":{"line":236,"column":25},"end":{"line":239,"column":20}},"57":{"start":{"line":241,"column":4},"end":{"line":244,"column":5}},"58":{"start":{"line":248,"column":23},"end":{"line":269,"column":3}},"59":{"start":{"line":250,"column":21},"end":{"line":250,"column":45}},"60":{"start":{"line":253,"column":4},"end":{"line":258,"column":5}},"61":{"start":{"line":260,"column":25},"end":{"line":263,"column":18}},"62":{"start":{"line":265,"column":4},"end":{"line":268,"column":5}},"63":{"start":{"line":271,"column":22},"end":{"line":290,"column":3}},"64":{"start":{"line":273,"column":4},"end":{"line":289,"column":5}},"65":{"start":{"line":274,"column":33},"end":{"line":274,"column":48}},"66":{"start":{"line":275,"column":32},"end":{"line":275,"column":68}},"67":{"start":{"line":277,"column":20},"end":{"line":277,"column":22}},"68":{"start":{"line":278,"column":6},"end":{"line":284,"column":7}},"69":{"start":{"line":279,"column":22},"end":{"line":279,"column":41}},"70":{"start":{"line":280,"column":25},"end":{"line":280,"column":30}},"71":{"start":{"line":281,"column":8},"end":{"line":283,"column":20}},"72":{"start":{"line":286,"column":6},"end":{"line":286,"column":19}},"73":{"start":{"line":288,"column":6},"end":{"line":288,"column":16}},"74":{"start":{"line":292,"column":21},"end":{"line":295,"column":3}},"75":{"start":{"line":296,"column":2},"end":{"line":308,"column":8}}},"fnMap":{"0":{"name":"(anonymous_0)","decl":{"start":{"line":12,"column":20},"end":{"line":12,"column":21}},"loc":{"start":{"line":12,"column":39},"end":{"line":26,"column":1}},"line":12},"1":{"name":"(anonymous_1)","decl":{"start":{"line":51,"column":15},"end":{"line":51,"column":16}},"loc":{"start":{"line":51,"column":82},"end":{"line":309,"column":1}},"line":51},"2":{"name":"(anonymous_2)","decl":{"start":{"line":82,"column":28},"end":{"line":82,"column":29}},"loc":{"start":{"line":82,"column":34},"end":{"line":89,"column":3}},"line":82},"3":{"name":"(anonymous_3)","decl":{"start":{"line":93,"column":30},"end":{"line":93,"column":31}},"loc":{"start":{"line":93,"column":36},"end":{"line":95,"column":3}},"line":93},"4":{"name":"(anonymous_4)","decl":{"start":{"line":97,"column":31},"end":{"line":97,"column":32}},"loc":{"start":{"line":97,"column":37},"end":{"line":100,"column":3}},"line":97},"5":{"name":"(anonymous_5)","decl":{"start":{"line":127,"column":24},"end":{"line":127,"column":25}},"loc":{"start":{"line":127,"column":59},"end":{"line":158,"column":3}},"line":127},"6":{"name":"(anonymous_6)","decl":{"start":{"line":189,"column":28},"end":{"line":189,"column":29}},"loc":{"start":{"line":189,"column":44},"end":{"line":209,"column":3}},"line":189},"7":{"name":"(anonymous_7)","decl":{"start":{"line":211,"column":23},"end":{"line":211,"column":24}},"loc":{"start":{"line":211,"column":34},"end":{"line":222,"column":3}},"line":211},"8":{"name":"(anonymous_8)","decl":{"start":{"line":224,"column":24},"end":{"line":224,"column":25}},"loc":{"start":{"line":224,"column":30},"end":{"line":245,"column":3}},"line":224},"9":{"name":"(anonymous_9)","decl":{"start":{"line":227,"column":17},"end":{"line":227,"column":18}},"loc":{"start":{"line":227,"column":28},"end":{"line":230,"column":5}},"line":227},"10":{"name":"(anonymous_10)","decl":{"start":{"line":248,"column":23},"end":{"line":248,"column":24}},"loc":{"start":{"line":248,"column":49},"end":{"line":269,"column":3}},"line":248},"11":{"name":"(anonymous_11)","decl":{"start":{"line":271,"column":22},"end":{"line":271,"column":23}},"loc":{"start":{"line":271,"column":28},"end":{"line":290,"column":3}},"line":271}},"branchMap":{"0":{"loc":{"start":{"line":16,"column":4},"end":{"line":22,"column":5}},"type":"switch","locations":[{"start":{"line":17,"column":6},"end":{"line":17,"column":29}},{"start":{"line":18,"column":6},"end":{"line":18,"column":39}},{"start":{"line":19,"column":6},"end":{"line":19,"column":39}},{"start":{"line":20,"column":6},"end":{"line":21,"column":37}}],"line":16},"1":{"loc":{"start":{"line":25,"column":9},"end":{"line":25,"column":32}},"type":"cond-expr","locations":[{"start":{"line":25,"column":21},"end":{"line":25,"column":28}},{"start":{"line":25,"column":31},"end":{"line":25,"column":32}}],"line":25},"2":{"loc":{"start":{"line":51,"column":17},"end":{"line":51,"column":28}},"type":"default-arg","locations":[{"start":{"line":51,"column":26},"end":{"line":51,"column":28}}],"line":51},"3":{"loc":{"start":{"line":51,"column":55},"end":{"line":51,"column":66}},"type":"default-arg","locations":[{"start":{"line":51,"column":64},"end":{"line":51,"column":66}}],"line":51},"4":{"loc":{"start":{"line":129,"column":4},"end":{"line":143,"column":5}},"type":"if","locations":[{"start":{"line":129,"column":4},"end":{"line":143,"column":5}},{"start":{"line":129,"column":4},"end":{"line":143,"column":5}}],"line":129},"5":{"loc":{"start":{"line":151,"column":4},"end":{"line":153,"column":5}},"type":"if","locations":[{"start":{"line":151,"column":4},"end":{"line":153,"column":5}},{"start":{"line":151,"column":4},"end":{"line":153,"column":5}}],"line":151},"6":{"loc":{"start":{"line":155,"column":4},"end":{"line":157,"column":5}},"type":"if","locations":[{"start":{"line":155,"column":4},"end":{"line":157,"column":5}},{"start":{"line":155,"column":4},"end":{"line":157,"column":5}}],"line":155},"7":{"loc":{"start":{"line":193,"column":4},"end":{"line":198,"column":5}},"type":"if","locations":[{"start":{"line":193,"column":4},"end":{"line":198,"column":5}},{"start":{"line":193,"column":4},"end":{"line":198,"column":5}}],"line":193},"8":{"loc":{"start":{"line":201,"column":18},"end":{"line":201,"column":57}},"type":"cond-expr","locations":[{"start":{"line":201,"column":28},"end":{"line":201,"column":36}},{"start":{"line":201,"column":39},"end":{"line":201,"column":57}}],"line":201},"9":{"loc":{"start":{"line":202,"column":21},"end":{"line":202,"column":73}},"type":"binary-expr","locations":[{"start":{"line":202,"column":21},"end":{"line":202,"column":30}},{"start":{"line":202,"column":34},"end":{"line":202,"column":50}},{"start":{"line":202,"column":54},"end":{"line":202,"column":73}}],"line":202},"10":{"loc":{"start":{"line":216,"column":4},"end":{"line":219,"column":5}},"type":"if","locations":[{"start":{"line":216,"column":4},"end":{"line":219,"column":5}},{"start":{"line":216,"column":4},"end":{"line":219,"column":5}}],"line":216},"11":{"loc":{"start":{"line":229,"column":13},"end":{"line":229,"column":75}},"type":"cond-expr","locations":[{"start":{"line":229,"column":35},"end":{"line":229,"column":39}},{"start":{"line":229,"column":42},"end":{"line":229,"column":75}}],"line":229},"12":{"loc":{"start":{"line":229,"column":42},"end":{"line":229,"column":75}},"type":"cond-expr","locations":[{"start":{"line":229,"column":64},"end":{"line":229,"column":68}},{"start":{"line":229,"column":71},"end":{"line":229,"column":75}}],"line":229},"13":{"loc":{"start":{"line":232,"column":18},"end":{"line":234,"column":26}},"type":"cond-expr","locations":[{"start":{"line":233,"column":8},"end":{"line":233,"column":44}},{"start":{"line":234,"column":8},"end":{"line":234,"column":26}}],"line":232},"14":{"loc":{"start":{"line":236,"column":25},"end":{"line":239,"column":20}},"type":"cond-expr","locations":[{"start":{"line":237,"column":8},"end":{"line":237,"column":16}},{"start":{"line":238,"column":8},"end":{"line":239,"column":20}}],"line":236},"15":{"loc":{"start":{"line":238,"column":8},"end":{"line":239,"column":20}},"type":"cond-expr","locations":[{"start":{"line":239,"column":8},"end":{"line":239,"column":16}},{"start":{"line":239,"column":19},"end":{"line":239,"column":20}}],"line":238},"16":{"loc":{"start":{"line":255,"column":6},"end":{"line":255,"column":65}},"type":"binary-expr","locations":[{"start":{"line":255,"column":6},"end":{"line":255,"column":26}},{"start":{"line":255,"column":30},"end":{"line":255,"column":65}}],"line":255},"17":{"loc":{"start":{"line":260,"column":25},"end":{"line":263,"column":18}},"type":"cond-expr","locations":[{"start":{"line":261,"column":6},"end":{"line":261,"column":14}},{"start":{"line":262,"column":6},"end":{"line":263,"column":18}}],"line":260},"18":{"loc":{"start":{"line":262,"column":6},"end":{"line":263,"column":18}},"type":"cond-expr","locations":[{"start":{"line":263,"column":6},"end":{"line":263,"column":14}},{"start":{"line":263,"column":17},"end":{"line":263,"column":18}}],"line":262},"19":{"loc":{"start":{"line":273,"column":4},"end":{"line":289,"column":5}},"type":"if","locations":[{"start":{"line":273,"column":4},"end":{"line":289,"column":5}},{"start":{"line":273,"column":4},"end":{"line":289,"column":5}}],"line":273}},"s":{"0":1,"1":1,"2":1,"3":0,"4":0,"5":0,"6":0,"7":0,"8":0,"9":0,"10":0,"11":0,"12":0,"13":3,"14":3,"15":3,"16":3,"17":3,"18":3,"19":3,"20":3,"21":0,"22":3,"23":3,"24":3,"25":3,"26":40,"27":0,"28":0,"29":40,"30":40,"31":40,"32":40,"33":2,"34":40,"35":0,"36":3,"37":40,"38":40,"39":2,"40":40,"41":78,"42":78,"43":78,"44":78,"45":3,"46":80,"47":40,"48":40,"49":80,"50":3,"51":2,"52":2,"53":0,"54":0,"55":2,"56":2,"57":2,"58":3,"59":2,"60":2,"61":2,"62":2,"63":3,"64":3,"65":2,"66":2,"67":2,"68":2,"69":40,"70":40,"71":40,"72":2,"73":1,"74":3,"75":3},"f":{"0":0,"1":3,"2":3,"3":0,"4":3,"5":40,"6":40,"7":80,"8":2,"9":0,"10":2,"11":3},"b":{"0":[0,0,0,0],"1":[0,0],"2":[0],"3":[0],"4":[0,40],"5":[2,38],"6":[0,40],"7":[2,38],"8":[4,74],"9":[78,40,38],"10":[40,40],"11":[0,0],"12":[0,0],"13":[0,2],"14":[2,0],"15":[0,0],"16":[40,39],"17":[2,0],"18":[0,0],"19":[2,1]},"_coverageSchema":"332fd63041d2c1bcb487cc26dd0d5f7d97098a6c","hash":"b2896f0278bfd874e7c74d89144696fd6326b374"}
,"/Users/yuetao/Projects/poloscope/src/indicator.js": {"path":"/Users/yuetao/Projects/poloscope/src/indicator.js","statementMap":{"0":{"start":{"line":6,"column":19},"end":{"line":6,"column":22}},"1":{"start":{"line":8,"column":16},"end":{"line":20,"column":3}},"2":{"start":{"line":22,"column":2},"end":{"line":24,"column":15}},"3":{"start":{"line":23,"column":14},"end":{"line":23,"column":98}}},"fnMap":{"0":{"name":"(anonymous_0)","decl":{"start":{"line":4,"column":15},"end":{"line":4,"column":16}},"loc":{"start":{"line":4,"column":53},"end":{"line":25,"column":1}},"line":4},"1":{"name":"(anonymous_1)","decl":{"start":{"line":23,"column":5},"end":{"line":23,"column":6}},"loc":{"start":{"line":23,"column":14},"end":{"line":23,"column":98}},"line":23}},"branchMap":{"0":{"loc":{"start":{"line":23,"column":46},"end":{"line":23,"column":93}},"type":"cond-expr","locations":[{"start":{"line":23,"column":88},"end":{"line":23,"column":89}},{"start":{"line":23,"column":92},"end":{"line":23,"column":93}}],"line":23}},"s":{"0":3,"1":3,"2":3,"3":3},"f":{"0":3,"1":3},"b":{"0":[0,3]},"_coverageSchema":"332fd63041d2c1bcb487cc26dd0d5f7d97098a6c","hash":"0453dcdca6bc2a68b12d906e6a714c1e3625dd43"}
,"/Users/yuetao/Projects/poloscope/src/measurer.js": {"path":"/Users/yuetao/Projects/poloscope/src/measurer.js","statementMap":{"0":{"start":{"line":5,"column":17},"end":{"line":30,"column":1}},"1":{"start":{"line":7,"column":14},"end":{"line":7,"column":26}},"2":{"start":{"line":9,"column":34},"end":{"line":9,"column":49}},"3":{"start":{"line":11,"column":34},"end":{"line":11,"column":64}},"4":{"start":{"line":13,"column":23},"end":{"line":24,"column":3}},"5":{"start":{"line":14,"column":4},"end":{"line":14,"column":37}},"6":{"start":{"line":16,"column":4},"end":{"line":21,"column":5}},"7":{"start":{"line":17,"column":18},"end":{"line":17,"column":53}},"8":{"start":{"line":18,"column":6},"end":{"line":18,"column":29}},"9":{"start":{"line":20,"column":6},"end":{"line":20,"column":32}},"10":{"start":{"line":23,"column":4},"end":{"line":23,"column":45}},"11":{"start":{"line":26,"column":2},"end":{"line":28,"column":33}},"12":{"start":{"line":27,"column":4},"end":{"line":27,"column":19}},"13":{"start":{"line":29,"column":2},"end":{"line":29,"column":38}}},"fnMap":{"0":{"name":"(anonymous_0)","decl":{"start":{"line":5,"column":17},"end":{"line":5,"column":18}},"loc":{"start":{"line":5,"column":72},"end":{"line":30,"column":1}},"line":5},"1":{"name":"(anonymous_1)","decl":{"start":{"line":13,"column":23},"end":{"line":13,"column":24}},"loc":{"start":{"line":13,"column":29},"end":{"line":24,"column":3}},"line":13},"2":{"name":"(anonymous_2)","decl":{"start":{"line":26,"column":12},"end":{"line":26,"column":13}},"loc":{"start":{"line":26,"column":18},"end":{"line":28,"column":3}},"line":26}},"branchMap":{"0":{"loc":{"start":{"line":14,"column":4},"end":{"line":14,"column":36}},"type":"binary-expr","locations":[{"start":{"line":14,"column":5},"end":{"line":14,"column":14}},{"start":{"line":14,"column":19},"end":{"line":14,"column":36}}],"line":14},"1":{"loc":{"start":{"line":16,"column":4},"end":{"line":21,"column":5}},"type":"if","locations":[{"start":{"line":16,"column":4},"end":{"line":21,"column":5}},{"start":{"line":16,"column":4},"end":{"line":21,"column":5}}],"line":16}},"s":{"0":1,"1":80,"2":80,"3":80,"4":80,"5":40,"6":40,"7":40,"8":40,"9":0,"10":40,"11":80,"12":40,"13":80},"f":{"0":80,"1":40,"2":40},"b":{"0":[40,40],"1":[40,0]},"_coverageSchema":"332fd63041d2c1bcb487cc26dd0d5f7d97098a6c","hash":"8bce4bcb6de7c17270f21a1b4f80d0dde7b66f8d"}
,"/Users/yuetao/Projects/poloscope/src/useResizeObserver.js": {"path":"/Users/yuetao/Projects/poloscope/src/useResizeObserver.js","statementMap":{"0":{"start":{"line":5,"column":26},"end":{"line":5,"column":38}},"1":{"start":{"line":6,"column":14},"end":{"line":6,"column":26}},"2":{"start":{"line":8,"column":16},"end":{"line":15,"column":12}},"3":{"start":{"line":9,"column":4},"end":{"line":11,"column":7}},"4":{"start":{"line":10,"column":6},"end":{"line":10,"column":26}},"5":{"start":{"line":14,"column":4},"end":{"line":14,"column":38}},"6":{"start":{"line":17,"column":17},"end":{"line":19,"column":8}},"7":{"start":{"line":18,"column":4},"end":{"line":18,"column":44}},"8":{"start":{"line":21,"column":2},"end":{"line":24,"column":22}},"9":{"start":{"line":22,"column":4},"end":{"line":22,"column":12}},"10":{"start":{"line":23,"column":4},"end":{"line":23,"column":26}},"11":{"start":{"line":23,"column":17},"end":{"line":23,"column":25}},"12":{"start":{"line":26,"column":2},"end":{"line":26,"column":13}}},"fnMap":{"0":{"name":"(anonymous_0)","decl":{"start":{"line":3,"column":15},"end":{"line":3,"column":16}},"loc":{"start":{"line":3,"column":25},"end":{"line":27,"column":1}},"line":3},"1":{"name":"(anonymous_1)","decl":{"start":{"line":8,"column":28},"end":{"line":8,"column":29}},"loc":{"start":{"line":8,"column":34},"end":{"line":15,"column":3}},"line":8},"2":{"name":"(anonymous_2)","decl":{"start":{"line":9,"column":37},"end":{"line":9,"column":38}},"loc":{"start":{"line":9,"column":58},"end":{"line":11,"column":5}},"line":9},"3":{"name":"(anonymous_3)","decl":{"start":{"line":17,"column":29},"end":{"line":17,"column":30}},"loc":{"start":{"line":17,"column":35},"end":{"line":19,"column":3}},"line":17},"4":{"name":"(anonymous_4)","decl":{"start":{"line":21,"column":12},"end":{"line":21,"column":13}},"loc":{"start":{"line":21,"column":18},"end":{"line":24,"column":3}},"line":21},"5":{"name":"(anonymous_5)","decl":{"start":{"line":23,"column":11},"end":{"line":23,"column":12}},"loc":{"start":{"line":23,"column":17},"end":{"line":23,"column":25}},"line":23}},"branchMap":{"0":{"loc":{"start":{"line":14,"column":4},"end":{"line":14,"column":37}},"type":"binary-expr","locations":[{"start":{"line":14,"column":4},"end":{"line":14,"column":8}},{"start":{"line":14,"column":12},"end":{"line":14,"column":37}}],"line":14},"1":{"loc":{"start":{"line":18,"column":4},"end":{"line":18,"column":43}},"type":"binary-expr","locations":[{"start":{"line":18,"column":4},"end":{"line":18,"column":15}},{"start":{"line":18,"column":19},"end":{"line":18,"column":43}}],"line":18}},"s":{"0":80,"1":80,"2":80,"3":80,"4":0,"5":80,"6":80,"7":80,"8":80,"9":80,"10":80,"11":80,"12":80},"f":{"0":80,"1":80,"2":0,"3":80,"4":80,"5":80},"b":{"0":[80,40],"1":[80,80]},"_coverageSchema":"332fd63041d2c1bcb487cc26dd0d5f7d97098a6c","hash":"0e69ebe7664f9c572c7b80be27a24dbece27b51e"}
,"/Users/yuetao/Projects/poloscope/src/useScroll.js": {"path":"/Users/yuetao/Projects/poloscope/src/useScroll.js","statementMap":{"0":{"start":{"line":4,"column":2},"end":{"line":4,"column":74}},"1":{"start":{"line":6,"column":12},"end":{"line":8,"column":20}},"2":{"start":{"line":7,"column":10},"end":{"line":7,"column":27}},"3":{"start":{"line":8,"column":10},"end":{"line":8,"column":20}},"4":{"start":{"line":10,"column":26},"end":{"line":10,"column":30}},"5":{"start":{"line":14,"column":38},"end":{"line":14,"column":53}},"6":{"start":{"line":15,"column":35},"end":{"line":15,"column":46}},"7":{"start":{"line":16,"column":45},"end":{"line":16,"column":56}},"8":{"start":{"line":18,"column":20},"end":{"line":18,"column":32}},"9":{"start":{"line":21,"column":18},"end":{"line":21,"column":23}},"10":{"start":{"line":24,"column":6},"end":{"line":29,"column":7}},"11":{"start":{"line":25,"column":8},"end":{"line":25,"column":48}},"12":{"start":{"line":26,"column":8},"end":{"line":26,"column":19}},"13":{"start":{"line":28,"column":8},"end":{"line":28,"column":56}},"14":{"start":{"line":32,"column":4},"end":{"line":32,"column":52}},"15":{"start":{"line":35,"column":19},"end":{"line":45,"column":3}},"16":{"start":{"line":36,"column":4},"end":{"line":36,"column":28}},"17":{"start":{"line":37,"column":4},"end":{"line":37,"column":27}},"18":{"start":{"line":39,"column":26},"end":{"line":39,"column":45}},"19":{"start":{"line":40,"column":4},"end":{"line":44,"column":5}},"20":{"start":{"line":41,"column":6},"end":{"line":41,"column":25}},"21":{"start":{"line":42,"column":6},"end":{"line":42,"column":47}},"22":{"start":{"line":43,"column":6},"end":{"line":43,"column":27}},"23":{"start":{"line":47,"column":2},"end":{"line":55,"column":20}},"24":{"start":{"line":48,"column":4},"end":{"line":50,"column":6}},"25":{"start":{"line":49,"column":6},"end":{"line":49,"column":26}},"26":{"start":{"line":51,"column":4},"end":{"line":54,"column":5}},"27":{"start":{"line":52,"column":6},"end":{"line":52,"column":46}},"28":{"start":{"line":53,"column":6},"end":{"line":53,"column":31}},"29":{"start":{"line":57,"column":2},"end":{"line":63,"column":3}}},"fnMap":{"0":{"name":"(anonymous_0)","decl":{"start":{"line":7,"column":4},"end":{"line":7,"column":5}},"loc":{"start":{"line":7,"column":10},"end":{"line":7,"column":27}},"line":7},"1":{"name":"(anonymous_1)","decl":{"start":{"line":8,"column":4},"end":{"line":8,"column":5}},"loc":{"start":{"line":8,"column":10},"end":{"line":8,"column":20}},"line":8},"2":{"name":"(anonymous_2)","decl":{"start":{"line":12,"column":15},"end":{"line":12,"column":16}},"loc":{"start":{"line":12,"column":21},"end":{"line":64,"column":1}},"line":12},"3":{"name":"debounce","decl":{"start":{"line":20,"column":11},"end":{"line":20,"column":19}},"loc":{"start":{"line":20,"column":30},"end":{"line":33,"column":3}},"line":20},"4":{"name":"tick","decl":{"start":{"line":23,"column":13},"end":{"line":23,"column":17}},"loc":{"start":{"line":23,"column":20},"end":{"line":30,"column":5}},"line":23},"5":{"name":"(anonymous_5)","decl":{"start":{"line":35,"column":19},"end":{"line":35,"column":20}},"loc":{"start":{"line":35,"column":30},"end":{"line":45,"column":3}},"line":35},"6":{"name":"(anonymous_6)","decl":{"start":{"line":47,"column":12},"end":{"line":47,"column":13}},"loc":{"start":{"line":47,"column":18},"end":{"line":55,"column":3}},"line":47},"7":{"name":"(anonymous_7)","decl":{"start":{"line":48,"column":13},"end":{"line":48,"column":14}},"loc":{"start":{"line":48,"column":19},"end":{"line":50,"column":5}},"line":48},"8":{"name":"(anonymous_8)","decl":{"start":{"line":51,"column":11},"end":{"line":51,"column":12}},"loc":{"start":{"line":51,"column":17},"end":{"line":54,"column":5}},"line":51}},"branchMap":{"0":{"loc":{"start":{"line":4,"column":2},"end":{"line":4,"column":74}},"type":"binary-expr","locations":[{"start":{"line":4,"column":2},"end":{"line":4,"column":33}},{"start":{"line":4,"column":37},"end":{"line":4,"column":74}}],"line":4},"1":{"loc":{"start":{"line":6,"column":12},"end":{"line":8,"column":20}},"type":"cond-expr","locations":[{"start":{"line":7,"column":4},"end":{"line":7,"column":27}},{"start":{"line":8,"column":4},"end":{"line":8,"column":20}}],"line":6},"2":{"loc":{"start":{"line":24,"column":6},"end":{"line":29,"column":7}},"type":"if","locations":[{"start":{"line":24,"column":6},"end":{"line":29,"column":7}},{"start":{"line":24,"column":6},"end":{"line":29,"column":7}}],"line":24},"3":{"loc":{"start":{"line":40,"column":4},"end":{"line":44,"column":5}},"type":"if","locations":[{"start":{"line":40,"column":4},"end":{"line":44,"column":5}},{"start":{"line":40,"column":4},"end":{"line":44,"column":5}}],"line":40}},"s":{"0":1,"1":1,"2":0,"3":3,"4":1,"5":3,"6":3,"7":3,"8":3,"9":3,"10":0,"11":0,"12":0,"13":0,"14":3,"15":3,"16":0,"17":0,"18":0,"19":0,"20":0,"21":0,"22":0,"23":3,"24":3,"25":0,"26":3,"27":3,"28":3,"29":3},"f":{"0":0,"1":3,"2":3,"3":3,"4":0,"5":0,"6":3,"7":0,"8":3},"b":{"0":[1,0],"1":[0,1],"2":[0,0],"3":[0,0]},"_coverageSchema":"332fd63041d2c1bcb487cc26dd0d5f7d97098a6c","hash":"683290708a924148f8d560661e1eeff9a5e2003a"}
}
