TN:
SF:/Users/yuetao/Projects/poloscope/src/index.js
FN:10,(anonymous_0)
FN:49,(anonymous_1)
FN:80,(anonymous_2)
FN:91,(anonymous_3)
FN:95,(anonymous_4)
FN:125,(anonymous_5)
FN:187,(anonymous_6)
FN:209,(anonymous_7)
FN:222,(anonymous_8)
FN:225,(anonymous_9)
FN:246,(anonymous_10)
FN:269,(anonymous_11)
FNF:12
FNH:9
FNDA:0,(anonymous_0)
FNDA:3,(anonymous_1)
FNDA:3,(anonymous_2)
FNDA:0,(anonymous_3)
FNDA:3,(anonymous_4)
FNDA:40,(anonymous_5)
FNDA:40,(anonymous_6)
FNDA:80,(anonymous_7)
FNDA:2,(anonymous_8)
FNDA:0,(anonymous_9)
FNDA:2,(anonymous_10)
FNDA:3,(anonymous_11)
DA:8,1
DA:10,1
DA:11,0
DA:12,0
DA:14,0
DA:15,0
DA:16,0
DA:17,0
DA:19,0
DA:23,0
DA:51,3
DA:59,3
DA:72,3
DA:80,3
DA:85,3
DA:86,3
DA:89,3
DA:91,3
DA:92,0
DA:95,3
DA:96,3
DA:97,3
DA:125,3
DA:127,40
DA:130,0
DA:131,0
DA:139,40
DA:140,40
DA:143,40
DA:149,40
DA:150,2
DA:153,40
DA:154,0
DA:187,3
DA:189,40
DA:191,40
DA:192,2
DA:198,40
DA:199,78
DA:200,78
DA:201,78
DA:205,78
DA:209,3
DA:214,80
DA:215,40
DA:216,40
DA:219,80
DA:222,3
DA:223,2
DA:225,2
DA:226,0
DA:227,0
DA:230,2
DA:234,2
DA:239,2
DA:246,3
DA:248,2
DA:251,2
DA:258,2
DA:263,2
DA:269,3
DA:271,3
DA:272,2
DA:273,2
DA:275,2
DA:276,2
DA:277,40
DA:278,40
DA:279,40
DA:284,2
DA:286,1
DA:290,3
DA:294,3
LF:73
LH:59
BRDA:14,0,0,0
BRDA:14,0,1,0
BRDA:14,0,2,0
BRDA:14,0,3,0
BRDA:23,1,0,0
BRDA:23,1,1,0
BRDA:49,2,0,0
BRDA:49,3,0,0
BRDA:49,4,0,3
BRDA:127,5,0,0
BRDA:127,5,1,40
BRDA:149,6,0,2
BRDA:149,6,1,38
BRDA:153,7,0,0
BRDA:153,7,1,40
BRDA:191,8,0,2
BRDA:191,8,1,38
BRDA:199,9,0,4
BRDA:199,9,1,74
BRDA:200,10,0,78
BRDA:200,10,1,40
BRDA:200,10,2,38
BRDA:214,11,0,40
BRDA:214,11,1,40
BRDA:227,12,0,0
BRDA:227,12,1,0
BRDA:227,13,0,0
BRDA:227,13,1,0
BRDA:230,14,0,0
BRDA:230,14,1,2
BRDA:234,15,0,2
BRDA:234,15,1,0
BRDA:236,16,0,0
BRDA:236,16,1,0
BRDA:253,17,0,40
BRDA:253,17,1,39
BRDA:258,18,0,2
BRDA:258,18,1,0
BRDA:260,19,0,0
BRDA:260,19,1,0
BRDA:271,20,0,2
BRDA:271,20,1,1
BRF:42
BRH:21
end_of_record
TN:
SF:/Users/yuetao/Projects/poloscope/src/indicator.js
FN:4,(anonymous_0)
FN:23,(anonymous_1)
FNF:2
FNH:2
FNDA:3,(anonymous_0)
FNDA:3,(anonymous_1)
DA:6,3
DA:8,3
DA:22,3
DA:23,3
LF:4
LH:4
BRDA:23,0,0,0
BRDA:23,0,1,3
BRF:2
BRH:1
end_of_record
TN:
SF:/Users/yuetao/Projects/poloscope/src/measurer.js
FN:5,(anonymous_0)
FN:13,(anonymous_1)
FN:26,(anonymous_2)
FNF:3
FNH:3
FNDA:80,(anonymous_0)
FNDA:40,(anonymous_1)
FNDA:40,(anonymous_2)
DA:5,1
DA:7,80
DA:9,80
DA:11,80
DA:13,80
DA:14,40
DA:16,40
DA:17,40
DA:18,40
DA:20,0
DA:23,40
DA:26,80
DA:27,40
DA:29,80
LF:14
LH:13
BRDA:14,0,0,40
BRDA:14,0,1,40
BRDA:16,1,0,40
BRDA:16,1,1,0
BRF:4
BRH:3
end_of_record
TN:
SF:/Users/yuetao/Projects/poloscope/src/useResizeObserver.js
FN:3,(anonymous_0)
FN:8,(anonymous_1)
FN:9,(anonymous_2)
FN:17,(anonymous_3)
FN:21,(anonymous_4)
FN:23,(anonymous_5)
FNF:6
FNH:5
FNDA:80,(anonymous_0)
FNDA:80,(anonymous_1)
FNDA:0,(anonymous_2)
FNDA:80,(anonymous_3)
FNDA:80,(anonymous_4)
FNDA:80,(anonymous_5)
DA:5,80
DA:6,80
DA:8,80
DA:9,80
DA:10,0
DA:14,80
DA:17,80
DA:18,80
DA:21,80
DA:22,80
DA:23,80
DA:26,80
LF:12
LH:11
BRDA:14,0,0,80
BRDA:14,0,1,40
BRDA:18,1,0,80
BRDA:18,1,1,80
BRF:4
BRH:4
end_of_record
TN:
SF:/Users/yuetao/Projects/poloscope/src/useScroll.js
FN:7,(anonymous_0)
FN:8,(anonymous_1)
FN:12,(anonymous_2)
FN:20,debounce
FN:23,tick
FN:35,(anonymous_5)
FN:47,(anonymous_6)
FN:48,(anonymous_7)
FN:51,(anonymous_8)
FNF:9
FNH:5
FNDA:0,(anonymous_0)
FNDA:3,(anonymous_1)
FNDA:3,(anonymous_2)
FNDA:3,debounce
FNDA:0,tick
FNDA:0,(anonymous_5)
FNDA:3,(anonymous_6)
FNDA:0,(anonymous_7)
FNDA:3,(anonymous_8)
DA:4,1
DA:6,1
DA:7,0
DA:8,3
DA:10,1
DA:14,3
DA:15,3
DA:16,3
DA:18,3
DA:21,3
DA:24,0
DA:25,0
DA:26,0
DA:28,0
DA:32,3
DA:35,3
DA:36,0
DA:37,0
DA:39,0
DA:40,0
DA:41,0
DA:42,0
DA:43,0
DA:47,3
DA:48,3
DA:49,0
DA:51,3
DA:52,3
DA:53,3
DA:57,3
LF:30
LH:17
BRDA:4,0,0,1
BRDA:4,0,1,0
BRDA:6,1,0,0
BRDA:6,1,1,1
BRDA:24,2,0,0
BRDA:24,2,1,0
BRDA:40,3,0,0
BRDA:40,3,1,0
BRF:8
BRH:2
end_of_record
