TN:
SF:/Users/yuetao/Projects/poloscope/src/index.js
FN:12,(anonymous_0)
FN:51,(anonymous_1)
FN:82,(anonymous_2)
FN:93,(anonymous_3)
FN:97,(anonymous_4)
FN:127,(anonymous_5)
FN:189,(anonymous_6)
FN:211,(anonymous_7)
FN:224,(anonymous_8)
FN:227,(anonymous_9)
FN:248,(anonymous_10)
FN:271,(anonymous_11)
FNF:12
FNH:9
FNDA:0,(anonymous_0)
FNDA:3,(anonymous_1)
FNDA:3,(anonymous_2)
FNDA:0,(anonymous_3)
FNDA:3,(anonymous_4)
FNDA:40,(anonymous_5)
FNDA:40,(anonymous_6)
FNDA:80,(anonymous_7)
FNDA:2,(anonymous_8)
FNDA:0,(anonymous_9)
FNDA:2,(anonymous_10)
FNDA:3,(anonymous_11)
DA:8,1
DA:10,1
DA:12,1
DA:13,0
DA:14,0
DA:16,0
DA:17,0
DA:18,0
DA:19,0
DA:21,0
DA:25,0
DA:53,3
DA:61,3
DA:74,3
DA:82,3
DA:87,3
DA:88,3
DA:91,3
DA:93,3
DA:94,0
DA:97,3
DA:98,3
DA:99,3
DA:127,3
DA:129,40
DA:132,0
DA:133,0
DA:141,40
DA:142,40
DA:145,40
DA:151,40
DA:152,2
DA:155,40
DA:156,0
DA:189,3
DA:191,40
DA:193,40
DA:194,2
DA:200,40
DA:201,78
DA:202,78
DA:203,78
DA:207,78
DA:211,3
DA:216,80
DA:217,40
DA:218,40
DA:221,80
DA:224,3
DA:225,2
DA:227,2
DA:228,0
DA:229,0
DA:232,2
DA:236,2
DA:241,2
DA:248,3
DA:250,2
DA:253,2
DA:260,2
DA:265,2
DA:271,3
DA:273,3
DA:274,2
DA:275,2
DA:277,2
DA:278,2
DA:279,40
DA:280,40
DA:281,40
DA:286,2
DA:288,1
DA:292,3
DA:296,3
LF:74
LH:60
BRDA:16,0,0,0
BRDA:16,0,1,0
BRDA:16,0,2,0
BRDA:16,0,3,0
BRDA:25,1,0,0
BRDA:25,1,1,0
BRDA:51,2,0,0
BRDA:51,3,0,0
BRDA:129,4,0,0
BRDA:129,4,1,40
BRDA:151,5,0,2
BRDA:151,5,1,38
BRDA:155,6,0,0
BRDA:155,6,1,40
BRDA:193,7,0,2
BRDA:193,7,1,38
BRDA:201,8,0,4
BRDA:201,8,1,74
BRDA:202,9,0,78
BRDA:202,9,1,40
BRDA:202,9,2,38
BRDA:216,10,0,40
BRDA:216,10,1,40
BRDA:229,11,0,0
BRDA:229,11,1,0
BRDA:229,12,0,0
BRDA:229,12,1,0
BRDA:232,13,0,0
BRDA:232,13,1,2
BRDA:236,14,0,2
BRDA:236,14,1,0
BRDA:238,15,0,0
BRDA:238,15,1,0
BRDA:255,16,0,40
BRDA:255,16,1,39
BRDA:260,17,0,2
BRDA:260,17,1,0
BRDA:262,18,0,0
BRDA:262,18,1,0
BRDA:273,19,0,2
BRDA:273,19,1,1
BRF:41
BRH:20
end_of_record
TN:
SF:/Users/yuetao/Projects/poloscope/src/indicator.js
FN:4,(anonymous_0)
FN:23,(anonymous_1)
FNF:2
FNH:2
FNDA:3,(anonymous_0)
FNDA:3,(anonymous_1)
DA:6,3
DA:8,3
DA:22,3
DA:23,3
LF:4
LH:4
BRDA:23,0,0,0
BRDA:23,0,1,3
BRF:2
BRH:1
end_of_record
TN:
SF:/Users/yuetao/Projects/poloscope/src/measurer.js
FN:5,(anonymous_0)
FN:13,(anonymous_1)
FN:26,(anonymous_2)
FNF:3
FNH:3
FNDA:80,(anonymous_0)
FNDA:40,(anonymous_1)
FNDA:40,(anonymous_2)
DA:5,1
DA:7,80
DA:9,80
DA:11,80
DA:13,80
DA:14,40
DA:16,40
DA:17,40
DA:18,40
DA:20,0
DA:23,40
DA:26,80
DA:27,40
DA:29,80
LF:14
LH:13
BRDA:14,0,0,40
BRDA:14,0,1,40
BRDA:16,1,0,40
BRDA:16,1,1,0
BRF:4
BRH:3
end_of_record
TN:
SF:/Users/yuetao/Projects/poloscope/src/useResizeObserver.js
FN:3,(anonymous_0)
FN:8,(anonymous_1)
FN:9,(anonymous_2)
FN:17,(anonymous_3)
FN:21,(anonymous_4)
FN:23,(anonymous_5)
FNF:6
FNH:5
FNDA:80,(anonymous_0)
FNDA:80,(anonymous_1)
FNDA:0,(anonymous_2)
FNDA:80,(anonymous_3)
FNDA:80,(anonymous_4)
FNDA:80,(anonymous_5)
DA:5,80
DA:6,80
DA:8,80
DA:9,80
DA:10,0
DA:14,80
DA:17,80
DA:18,80
DA:21,80
DA:22,80
DA:23,80
DA:26,80
LF:12
LH:11
BRDA:14,0,0,80
BRDA:14,0,1,40
BRDA:18,1,0,80
BRDA:18,1,1,80
BRF:4
BRH:4
end_of_record
TN:
SF:/Users/yuetao/Projects/poloscope/src/useScroll.js
FN:7,(anonymous_0)
FN:8,(anonymous_1)
FN:12,(anonymous_2)
FN:20,debounce
FN:23,tick
FN:35,(anonymous_5)
FN:47,(anonymous_6)
FN:48,(anonymous_7)
FN:51,(anonymous_8)
FNF:9
FNH:5
FNDA:0,(anonymous_0)
FNDA:3,(anonymous_1)
FNDA:3,(anonymous_2)
FNDA:3,debounce
FNDA:0,tick
FNDA:0,(anonymous_5)
FNDA:3,(anonymous_6)
FNDA:0,(anonymous_7)
FNDA:3,(anonymous_8)
DA:4,1
DA:6,1
DA:7,0
DA:8,3
DA:10,1
DA:14,3
DA:15,3
DA:16,3
DA:18,3
DA:21,3
DA:24,0
DA:25,0
DA:26,0
DA:28,0
DA:32,3
DA:35,3
DA:36,0
DA:37,0
DA:39,0
DA:40,0
DA:41,0
DA:42,0
DA:43,0
DA:47,3
DA:48,3
DA:49,0
DA:51,3
DA:52,3
DA:53,3
DA:57,3
LF:30
LH:17
BRDA:4,0,0,1
BRDA:4,0,1,0
BRDA:6,1,0,0
BRDA:6,1,1,1
BRDA:24,2,0,0
BRDA:24,2,1,0
BRDA:40,3,0,0
BRDA:40,3,1,0
BRF:8
BRH:2
end_of_record
